{"/Users/kamleshsahu/WebstormProjects/jestdemo/controller/add_controller.js": {"path":"/Users/kamleshsahu/WebstormProjects/jestdemo/controller/add_controller.js","statementMap":{"0":{"start":{"line":1,"column":19},"end":{"line":1,"column":55}},"1":{"start":{"line":6,"column":21},"end":{"line":6,"column":27}},"2":{"start":{"line":8,"column":4},"end":{"line":8,"column":43}},"3":{"start":{"line":10,"column":19},"end":{"line":10,"column":39}},"4":{"start":{"line":12,"column":4},"end":{"line":12,"column":18}},"5":{"start":{"line":16,"column":4},"end":{"line":24,"column":5}},"6":{"start":{"line":16,"column":17},"end":{"line":16,"column":18}},"7":{"start":{"line":17,"column":6},"end":{"line":19,"column":7}},"8":{"start":{"line":18,"column":8},"end":{"line":18,"column":36}},"9":{"start":{"line":21,"column":6},"end":{"line":23,"column":7}},"10":{"start":{"line":22,"column":8},"end":{"line":22,"column":51}},"11":{"start":{"line":28,"column":0},"end":{"line":28,"column":37}}},"fnMap":{"0":{"name":"(anonymous_0)","decl":{"start":{"line":5,"column":2},"end":{"line":5,"column":3}},"loc":{"start":{"line":5,"column":14},"end":{"line":13,"column":3}},"line":5},"1":{"name":"(anonymous_1)","decl":{"start":{"line":15,"column":2},"end":{"line":15,"column":3}},"loc":{"start":{"line":15,"column":36},"end":{"line":25,"column":3}},"line":15}},"branchMap":{"0":{"loc":{"start":{"line":17,"column":6},"end":{"line":19,"column":7}},"type":"if","locations":[{"start":{"line":17,"column":6},"end":{"line":19,"column":7}},{"start":{},"end":{}}],"line":17},"1":{"loc":{"start":{"line":21,"column":6},"end":{"line":23,"column":7}},"type":"if","locations":[{"start":{"line":21,"column":6},"end":{"line":23,"column":7}},{"start":{},"end":{}}],"line":21},"2":{"loc":{"start":{"line":21,"column":10},"end":{"line":21,"column":55}},"type":"binary-expr","locations":[{"start":{"line":21,"column":10},"end":{"line":21,"column":24}},{"start":{"line":21,"column":28},"end":{"line":21,"column":55}}],"line":21}},"s":{"0":1,"1":4,"2":4,"3":3,"4":2,"5":4,"6":4,"7":11,"8":1,"9":11,"10":1,"11":1},"f":{"0":4,"1":4},"b":{"0":[1,10],"1":[1,10],"2":[11,11]},"_coverageSchema":"1a1c01bbd47fc00a2c39e90264f33305004495a9","hash":"d40e356b7ed26926fcc450d8cd2990f1945b9356"}
,"/Users/kamleshsahu/WebstormProjects/jestdemo/service/add_service.js": {"path":"/Users/kamleshsahu/WebstormProjects/jestdemo/service/add_service.js","statementMap":{"0":{"start":{"line":4,"column":14},"end":{"line":4,"column":15}},"1":{"start":{"line":5,"column":4},"end":{"line":10,"column":5}},"2":{"start":{"line":5,"column":17},"end":{"line":5,"column":18}},"3":{"start":{"line":6,"column":6},"end":{"line":8,"column":7}},"4":{"start":{"line":7,"column":8},"end":{"line":7,"column":50}},"5":{"start":{"line":9,"column":6},"end":{"line":9,"column":21}},"6":{"start":{"line":11,"column":4},"end":{"line":11,"column":15}},"7":{"start":{"line":16,"column":0},"end":{"line":16,"column":34}}},"fnMap":{"0":{"name":"(anonymous_0)","decl":{"start":{"line":3,"column":2},"end":{"line":3,"column":3}},"loc":{"start":{"line":3,"column":12},"end":{"line":12,"column":3}},"line":3}},"branchMap":{"0":{"loc":{"start":{"line":6,"column":6},"end":{"line":8,"column":7}},"type":"if","locations":[{"start":{"line":6,"column":6},"end":{"line":8,"column":7}},{"start":{},"end":{}}],"line":6}},"s":{"0":3,"1":3,"2":3,"3":5,"4":2,"5":3,"6":1,"7":2},"f":{"0":3},"b":{"0":[2,3]},"_coverageSchema":"1a1c01bbd47fc00a2c39e90264f33305004495a9","hash":"23b092acd6eba18ad7b57032b425f4363b8df2b2"}
}
