TN:
SF:controller/add_controller.js
FN:5,(anonymous_0)
FN:15,(anonymous_1)
FNF:2
FNH:2
FNDA:4,(anonymous_0)
FNDA:4,(anonymous_1)
DA:1,1
DA:6,4
DA:8,4
DA:10,3
DA:12,2
DA:16,4
DA:17,11
DA:18,1
DA:21,11
DA:22,1
DA:28,1
LF:11
LH:11
BRDA:17,0,0,1
BRDA:17,0,1,10
BRDA:21,1,0,1
BRDA:21,1,1,10
BRDA:21,2,0,11
BRDA:21,2,1,11
BRF:6
BRH:6
end_of_record
TN:
SF:service/add_service.js
FN:3,(anonymous_0)
FNF:1
FNH:1
FNDA:3,(anonymous_0)
DA:4,3
DA:5,3
DA:6,5
DA:7,2
DA:9,3
DA:11,1
DA:16,2
LF:7
LH:7
BRDA:6,0,0,2
BRDA:6,0,1,3
BRF:2
BRH:2
end_of_record
